\BOOKMARK [0][-]{chapter*.2}{\376\377\000I\000n\000t\000r\000o\000d\000u\000c\000t\000i\000o\000n}{}% 1
\BOOKMARK [0][-]{chapter.1}{\376\377\000I\000n\000t\000r\000o\000d\000u\000c\000t\000i\000o\000n}{}% 2
\BOOKMARK [1][-]{section.1.1}{\376\377\000I\000n\000t\000r\000o\000d\000u\000c\000t\000i\000o\000n\000\040\000t\000o\000\040\000t\000h\000e\000\040\000p\000r\000o\000b\000l\000e\000m\000a\000t\000i\000c}{chapter.1}% 3
\BOOKMARK [1][-]{section.1.2}{\376\377\000O\000v\000e\000r\000v\000i\000e\000w\000\040\000o\000f\000\040\000u\000s\000e\000d\000\040\000t\000e\000c\000h\000n\000i\000q\000u\000e\000s}{chapter.1}% 4
\BOOKMARK [2][-]{subsection.1.2.1}{\376\377\000A\000u\000d\000i\000o\000\040\000s\000i\000g\000n\000a\000l\000\040\000p\000r\000o\000c\000e\000s\000s\000i\000n\000g\000t\000a\000y\000l\000o\000r\0002\0000\0000\0009\000t\000e\000x\000t}{section.1.2}% 5
\BOOKMARK [2][-]{subsection.1.2.2}{\376\377\000F\000i\000n\000i\000t\000e\000\040\000s\000t\000a\000t\000e\000\040\000t\000r\000a\000n\000s\000d\000u\000c\000e\000r\000s\000m\000o\000h\000r\000i\0001\0009\0009\0007\000f\000i\000n\000i\000t\000e}{section.1.2}% 6
\BOOKMARK [2][-]{subsection.1.2.3}{\376\377\000A\000u\000t\000o\000m\000a\000t\000i\000c\000\040\000s\000p\000e\000e\000c\000h\000\040\000r\000e\000c\000o\000g\000n\000i\000t\000i\000o\000n\000\040\000\050\000A\000S\000R\000\051}{section.1.2}% 7
\BOOKMARK [2][-]{subsection.1.2.4}{\376\377\000T\000e\000x\000t\000-\000t\000o\000-\000s\000p\000e\000e\000c\000h\000\040\000\050\000T\000T\000S\000\051}{section.1.2}% 8
\BOOKMARK [2][-]{subsection.1.2.5}{\376\377\000A\000l\000g\000o\000r\000i\000t\000h\000m\000s\000\040\000d\000e\000s\000c\000r\000i\000p\000t\000i\000o\000n}{section.1.2}% 9
\BOOKMARK [1][-]{section.1.3}{\376\377\000R\000e\000l\000a\000t\000e\000d\000\040\000W\000o\000r\000k}{chapter.1}% 10
\BOOKMARK [2][-]{subsection.1.3.1}{\376\377\000G\000r\000a\000p\000h\000e\000m\000e\000-\000t\000o\000-\000p\000h\000o\000n\000e\000m\000e\000\040\000c\000o\000n\000v\000e\000r\000s\000i\000o\000n}{section.1.3}% 11
\BOOKMARK [2][-]{subsection.1.3.2}{\376\377\000C\000o\000n\000c\000l\000u\000s\000i\000o\000n}{section.1.3}% 12
\BOOKMARK [1][-]{section.1.4}{\376\377\000T\000h\000e\000s\000i\000s\000\040\000o\000v\000e\000r\000v\000i\000e\000w}{chapter.1}% 13
\BOOKMARK [0][-]{chapter.2}{\376\377\000T\000i\000t\000l\000e\000\040\000o\000f\000\040\000t\000h\000e\000\040\000s\000e\000c\000o\000n\000d\000\040\000c\000h\000a\000p\000t\000e\000r}{}% 14
\BOOKMARK [1][-]{section.2.1}{\376\377\000T\000i\000t\000l\000e\000\040\000o\000f\000\040\000t\000h\000e\000\040\000f\000i\000r\000s\000t\000\040\000s\000u\000b\000c\000h\000a\000p\000t\000e\000r\000\040\000o\000f\000\040\000t\000h\000e\000\040\000s\000e\000c\000o\000n\000d\000\040\000c\000h\000a\000p\000t\000e\000r}{chapter.2}% 15
\BOOKMARK [1][-]{section.2.2}{\376\377\000T\000i\000t\000l\000e\000\040\000o\000f\000\040\000t\000h\000e\000\040\000s\000e\000c\000o\000n\000d\000\040\000s\000u\000b\000c\000h\000a\000p\000t\000e\000r\000\040\000o\000f\000\040\000t\000h\000e\000\040\000s\000e\000c\000o\000n\000d\000\040\000c\000h\000a\000p\000t\000e\000r}{chapter.2}% 16
\BOOKMARK [0][-]{chapter*.13}{\376\377\000C\000o\000n\000c\000l\000u\000s\000i\000o\000n}{}% 17
\BOOKMARK [0][-]{chapter*.14}{\376\377\000B\000i\000b\000l\000i\000o\000g\000r\000a\000p\000h\000y}{}% 18
\BOOKMARK [0][-]{chapter*.15}{\376\377\000L\000i\000s\000t\000\040\000o\000f\000\040\000F\000i\000g\000u\000r\000e\000s}{}% 19
\BOOKMARK [0][-]{chapter*.16}{\376\377\000L\000i\000s\000t\000\040\000o\000f\000\040\000T\000a\000b\000l\000e\000s}{}% 20
\BOOKMARK [0][-]{chapter*.17}{\376\377\000L\000i\000s\000t\000\040\000o\000f\000\040\000A\000b\000b\000r\000e\000v\000i\000a\000t\000i\000o\000n\000s}{}% 21
\BOOKMARK [0][-]{chapter*.18}{\376\377\000A\000t\000t\000a\000c\000h\000m\000e\000n\000t\000s}{}% 22
